0 info it worked if it ends with ok
1 verbose cli [ '/usr/bin/nodejs',
1 verbose cli   '/usr/bin/npm',
1 verbose cli   'start',
1 verbose cli   'backend/load_balancer/node_servers/routeto' ]
2 info using npm@3.5.2
3 info using node@v4.2.6
4 verbose stack Error: ENOENT: no such file or directory, open '/Facial-Recognition/package.json'
4 verbose stack     at Error (native)
5 verbose cwd /Facial-Recognition
6 error Linux 4.4.0-64-generic
7 error argv "/usr/bin/nodejs" "/usr/bin/npm" "start" "backend/load_balancer/node_servers/routeto"
8 error node v4.2.6
9 error npm  v3.5.2
10 error path /Facial-Recognition/package.json
11 error code ENOENT
12 error errno -2
13 error syscall open
14 error enoent ENOENT: no such file or directory, open '/Facial-Recognition/package.json'
15 error enoent ENOENT: no such file or directory, open '/Facial-Recognition/package.json'
15 error enoent This is most likely not a problem with npm itself
15 error enoent and is related to npm not being able to find a file.
16 verbose exit [ -2, true ]
