0 info it worked if it ends with ok
1 verbose cli [ '/usr/bin/nodejs',
1 verbose cli   '/usr/local/lib/node_modules/pm2/lib/ProcessContainerFork.js',
1 verbose cli   'start' ]
2 info using npm@3.5.2
3 info using node@v4.2.6
4 verbose run-script [ 'prestart', 'start', 'poststart' ]
5 info lifecycle node@0.0.0~prestart: node@0.0.0
6 silly lifecycle node@0.0.0~prestart: no script for prestart, continuing
7 info lifecycle node@0.0.0~start: node@0.0.0
8 verbose lifecycle node@0.0.0~start: unsafe-perm in lifecycle true
9 verbose lifecycle node@0.0.0~start: PATH: /usr/share/npm/bin/node-gyp-bin:/Facial-Recognition/web/node_modules/.bin:/usr/local/sbin:/usr/local/bin:/usr/sbin:/usr/bin:/sbin:/bin:/snap/bin
10 verbose lifecycle node@0.0.0~start: CWD: /Facial-Recognition/web
11 silly lifecycle node@0.0.0~start: Args: [ '-c', 'nodejs ./bin/www' ]
12 silly lifecycle node@0.0.0~start: Returned: code: 1  signal: null
13 info lifecycle node@0.0.0~start: Failed to exec start script
14 verbose stack Error: node@0.0.0 start: `nodejs ./bin/www`
14 verbose stack Exit status 1
14 verbose stack     at EventEmitter.<anonymous> (/usr/share/npm/lib/utils/lifecycle.js:232:16)
14 verbose stack     at emitTwo (events.js:87:13)
14 verbose stack     at EventEmitter.emit (events.js:172:7)
14 verbose stack     at ChildProcess.<anonymous> (/usr/share/npm/lib/utils/spawn.js:24:14)
14 verbose stack     at emitTwo (events.js:87:13)
14 verbose stack     at ChildProcess.emit (events.js:172:7)
14 verbose stack     at maybeClose (internal/child_process.js:821:16)
14 verbose stack     at Process.ChildProcess._handle.onexit (internal/child_process.js:211:5)
15 verbose pkgid node@0.0.0
16 verbose cwd /Facial-Recognition/web
17 error Linux 4.4.0-75-generic
18 error argv "/usr/bin/nodejs" "/usr/local/lib/node_modules/pm2/lib/ProcessContainerFork.js" "start"
19 error node v4.2.6
20 error npm  v3.5.2
21 error code ELIFECYCLE
22 error node@0.0.0 start: `nodejs ./bin/www`
22 error Exit status 1
23 error Failed at the node@0.0.0 start script 'nodejs ./bin/www'.
23 error Make sure you have the latest version of node.js and npm installed.
23 error If you do, this is most likely a problem with the node package,
23 error not with npm itself.
23 error Tell the author that this fails on your system:
23 error     nodejs ./bin/www
23 error You can get information on how to open an issue for this project with:
23 error     npm bugs node
23 error Or if that isn't available, you can get their info via:
23 error     npm owner ls node
23 error There is likely additional logging output above.
24 verbose exit [ 1, true ]
